2025-01-09T13:16:23+01:00 CRITICAL Uncaught Error: Call to undefined function get_courses_from_flamingo() in E:\xampp\htdocs\projetfin\wp-content\themes\neve\functions.php:576
Stack trace:
#0 E:\xampp\htdocs\projetfin\wp-includes\shortcodes.php(434): display_courses_to_students(Array, '', 'afficher_cours')
#1 [internal function]: do_shortcode_tag(Array)
#2 E:\xampp\htdocs\projetfin\wp-includes\shortcodes.php(273): preg_replace_callback('/\\[(\\[?)(affich...', 'do_shortcode_ta...', '\n<!DOCTYPE html...')
#3 E:\xampp\htdocs\projetfin\wp-includes\class-wp-hook.php(324): do_shortcode('\n<!DOCTYPE html...')
#4 E:\xampp\htdocs\projetfin\wp-includes\plugin.php(205): WP_Hook->apply_filters('\n<!DOCTYPE html...', Array)
#5 E:\xampp\htdocs\projetfin\wp-includes\post-template.php(256): apply_filters('the_content', '<!-- wp:html --...')
#6 E:\xampp\htdocs\projetfin\wp-content\themes\neve\inc\views\page_layout.php(29): the_content()
#7 E:\xampp\htdocs\projetfin\wp-includes\class-wp-hook.php(324): Neve\Views\Page_Layout->render_page('')
#8 E:\xampp\htdocs\projetfin\wp-includes\class-wp-hook.php(348): WP_Hook->apply_filters('', Array)
#9 E:\xampp\htdocs\projetfin\wp-includes\plugin.php(517): WP_Hook->do_action(Array)
#10 E:\xampp\htdocs\projetfin\wp-content\themes\neve\template-parts\content-page.php(9): do_action('neve_do_single_...')
#11 E:\xampp\htdocs\projetfin\wp-includes\template.php(812): require('E:\\xampp\\htdocs...')
#12 E:\xampp\htdocs\projetfin\wp-includes\template.php(745): load_template('E:\\xampp\\htdocs...', false, Array)
#13 E:\xampp\htdocs\projetfin\wp-includes\general-template.php(206): locate_template(Array, true, false, Array)
#14 E:\xampp\htdocs\projetfin\wp-content\themes\neve\page.php(47): get_template_part('template-parts/...', 'page')
#15 E:\xampp\htdocs\projetfin\wp-includes\template-loader.php(106): include('E:\\xampp\\htdocs...')
#16 E:\xampp\htdocs\projetfin\wp-blog-header.php(19): require_once('E:\\xampp\\htdocs...')
#17 E:\xampp\htdocs\projetfin\index.php(17): require('E:\\xampp\\htdocs...')
#18 {main}
  thrown in E:\xampp\htdocs\projetfin\wp-content\themes\neve\functions.php on line 576

2025-01-09T14:04:18+01:00 CRITICAL syntax error, unexpected token "<", expecting end of file in E:\xampp\htdocs\projetfin\wp-content\themes\neve\functions.php on line 508

2025-01-09T14:04:43+01:00 CRITICAL syntax error, unexpected token "<", expecting end of file in E:\xampp\htdocs\projetfin\wp-content\themes\neve\functions.php on line 508

2025-01-09T14:07:23+01:00 CRITICAL syntax error, unexpected token "<", expecting end of file in E:\xampp\htdocs\projetfin\wp-content\themes\neve\functions.php on line 508

2025-01-09T14:07:33+01:00 CRITICAL syntax error, unexpected token "<", expecting end of file in E:\xampp\htdocs\projetfin\wp-content\themes\neve\functions.php on line 508

2025-01-09T14:36:34+01:00 CRITICAL syntax error, unexpected identifier "_field_course_title", expecting "]" in E:\xampp\htdocs\projetfin\wp-content\themes\neve\functions.php on line 542

2025-01-09T14:54:17+01:00 CRITICAL Uncaught TypeError: file_exists(): Argument #1 ($filename) must be of type string, array given in E:\xampp\htdocs\projetfin\wp-content\themes\neve\functions.php:543
Stack trace:
#0 E:\xampp\htdocs\projetfin\wp-content\themes\neve\functions.php(543): file_exists(Array)
#1 E:\xampp\htdocs\projetfin\wp-includes\class-wp-hook.php(324): save_contact_form_submission(Object(WPCF7_ContactForm))
#2 E:\xampp\htdocs\projetfin\wp-includes\class-wp-hook.php(348): WP_Hook->apply_filters('', Array)
#3 E:\xampp\htdocs\projetfin\wp-includes\plugin.php(517): WP_Hook->do_action(Array)
#4 E:\xampp\htdocs\projetfin\wp-content\plugins\contact-form-7\includes\submission.php(127): do_action('wpcf7_mail_sent', Object(WPCF7_ContactForm))
#5 [internal function]: WPCF7_Submission->{closure}()
#6 E:\xampp\htdocs\projetfin\wp-content\plugins\contact-form-7\includes\l10n.php(147): call_user_func(Object(Closure))
#7 E:\xampp\htdocs\projetfin\wp-content\plugins\contact-form-7\includes\submission.php(137): wpcf7_switch_locale('fr_FR', Object(Closure))
#8 E:\xampp\htdocs\projetfin\wp-content\plugins\contact-form-7\includes\submission.php(35): WPCF7_Submission->proceed()
#9 E:\xampp\htdocs\projetfin\wp-content\plugins\contact-form-7\includes\contact-form.php(1072): WPCF7_Submission::get_instance(Object(WPCF7_ContactForm), Array)
#10 E:\xampp\htdocs\projetfin\wp-content\plugins\contact-form-7\includes\rest-api.php(365): WPCF7_ContactForm->submit()
#11 E:\xampp\htdocs\projetfin\wp-includes\rest-api\class-wp-rest-server.php(1292): WPCF7_REST_Controller->create_feedback(Object(WP_REST_Request))
#12 E:\xampp\htdocs\projetfin\wp-includes\rest-api\class-wp-rest-server.php(1125): WP_REST_Server->respond_to_request(Object(WP_REST_Request), '/contact-form-7...', Array, NULL)
#13 E:\xampp\htdocs\projetfin\wp-includes\rest-api\class-wp-rest-server.php(439): WP_REST_Server->dispatch(Object(WP_REST_Request))
#14 E:\xampp\htdocs\projetfin\wp-includes\rest-api.php(449): WP_REST_Server->serve_request('/contact-form-7...')
#15 E:\xampp\htdocs\projetfin\wp-includes\class-wp-hook.php(324): rest_api_loaded(Object(WP))
#16 E:\xampp\htdocs\projetfin\wp-includes\class-wp-hook.php(348): WP_Hook->apply_filters(NULL, Array)
#17 E:\xampp\htdocs\projetfin\wp-includes\plugin.php(565): WP_Hook->do_action(Array)
#18 E:\xampp\htdocs\projetfin\wp-includes\class-wp.php(418): do_action_ref_array('parse_request', Array)
#19 E:\xampp\htdocs\projetfin\wp-includes\class-wp.php(813): WP->parse_request('')
#20 E:\xampp\htdocs\projetfin\wp-includes\functions.php(1336): WP->main('')
#21 E:\xampp\htdocs\projetfin\wp-blog-header.php(16): wp()
#22 E:\xampp\htdocs\projetfin\index.php(17): require('E:\\xampp\\htdocs...')
#23 {main}
  thrown in E:\xampp\htdocs\projetfin\wp-content\themes\neve\functions.php on line 543

2025-01-09T15:04:28+01:00 CRITICAL Uncaught TypeError: file_exists(): Argument #1 ($filename) must be of type string, array given in E:\xampp\htdocs\projetfin\wp-content\themes\neve\functions.php:543
Stack trace:
#0 E:\xampp\htdocs\projetfin\wp-content\themes\neve\functions.php(543): file_exists(Array)
#1 E:\xampp\htdocs\projetfin\wp-includes\class-wp-hook.php(324): save_contact_form_submission(Object(WPCF7_ContactForm))
#2 E:\xampp\htdocs\projetfin\wp-includes\class-wp-hook.php(348): WP_Hook->apply_filters('', Array)
#3 E:\xampp\htdocs\projetfin\wp-includes\plugin.php(517): WP_Hook->do_action(Array)
#4 E:\xampp\htdocs\projetfin\wp-content\plugins\contact-form-7\includes\submission.php(127): do_action('wpcf7_mail_sent', Object(WPCF7_ContactForm))
#5 [internal function]: WPCF7_Submission->{closure}()
#6 E:\xampp\htdocs\projetfin\wp-content\plugins\contact-form-7\includes\l10n.php(147): call_user_func(Object(Closure))
#7 E:\xampp\htdocs\projetfin\wp-content\plugins\contact-form-7\includes\submission.php(137): wpcf7_switch_locale('fr_FR', Object(Closure))
#8 E:\xampp\htdocs\projetfin\wp-content\plugins\contact-form-7\includes\submission.php(35): WPCF7_Submission->proceed()
#9 E:\xampp\htdocs\projetfin\wp-content\plugins\contact-form-7\includes\contact-form.php(1072): WPCF7_Submission::get_instance(Object(WPCF7_ContactForm), Array)
#10 E:\xampp\htdocs\projetfin\wp-content\plugins\contact-form-7\includes\rest-api.php(365): WPCF7_ContactForm->submit()
#11 E:\xampp\htdocs\projetfin\wp-includes\rest-api\class-wp-rest-server.php(1292): WPCF7_REST_Controller->create_feedback(Object(WP_REST_Request))
#12 E:\xampp\htdocs\projetfin\wp-includes\rest-api\class-wp-rest-server.php(1125): WP_REST_Server->respond_to_request(Object(WP_REST_Request), '/contact-form-7...', Array, NULL)
#13 E:\xampp\htdocs\projetfin\wp-includes\rest-api\class-wp-rest-server.php(439): WP_REST_Server->dispatch(Object(WP_REST_Request))
#14 E:\xampp\htdocs\projetfin\wp-includes\rest-api.php(449): WP_REST_Server->serve_request('/contact-form-7...')
#15 E:\xampp\htdocs\projetfin\wp-includes\class-wp-hook.php(324): rest_api_loaded(Object(WP))
#16 E:\xampp\htdocs\projetfin\wp-includes\class-wp-hook.php(348): WP_Hook->apply_filters(NULL, Array)
#17 E:\xampp\htdocs\projetfin\wp-includes\plugin.php(565): WP_Hook->do_action(Array)
#18 E:\xampp\htdocs\projetfin\wp-includes\class-wp.php(418): do_action_ref_array('parse_request', Array)
#19 E:\xampp\htdocs\projetfin\wp-includes\class-wp.php(813): WP->parse_request('')
#20 E:\xampp\htdocs\projetfin\wp-includes\functions.php(1336): WP->main('')
#21 E:\xampp\htdocs\projetfin\wp-blog-header.php(16): wp()
#22 E:\xampp\htdocs\projetfin\index.php(17): require('E:\\xampp\\htdocs...')
#23 {main}
  thrown in E:\xampp\htdocs\projetfin\wp-content\themes\neve\functions.php on line 543

2025-01-09T15:05:37+01:00 CRITICAL Uncaught TypeError: file_exists(): Argument #1 ($filename) must be of type string, array given in E:\xampp\htdocs\projetfin\wp-content\themes\neve\functions.php:543
Stack trace:
#0 E:\xampp\htdocs\projetfin\wp-content\themes\neve\functions.php(543): file_exists(Array)
#1 E:\xampp\htdocs\projetfin\wp-includes\class-wp-hook.php(324): save_contact_form_submission(Object(WPCF7_ContactForm))
#2 E:\xampp\htdocs\projetfin\wp-includes\class-wp-hook.php(348): WP_Hook->apply_filters('', Array)
#3 E:\xampp\htdocs\projetfin\wp-includes\plugin.php(517): WP_Hook->do_action(Array)
#4 E:\xampp\htdocs\projetfin\wp-content\plugins\contact-form-7\includes\submission.php(127): do_action('wpcf7_mail_sent', Object(WPCF7_ContactForm))
#5 [internal function]: WPCF7_Submission->{closure}()
#6 E:\xampp\htdocs\projetfin\wp-content\plugins\contact-form-7\includes\l10n.php(147): call_user_func(Object(Closure))
#7 E:\xampp\htdocs\projetfin\wp-content\plugins\contact-form-7\includes\submission.php(137): wpcf7_switch_locale('fr_FR', Object(Closure))
#8 E:\xampp\htdocs\projetfin\wp-content\plugins\contact-form-7\includes\submission.php(35): WPCF7_Submission->proceed()
#9 E:\xampp\htdocs\projetfin\wp-content\plugins\contact-form-7\includes\contact-form.php(1072): WPCF7_Submission::get_instance(Object(WPCF7_ContactForm), Array)
#10 E:\xampp\htdocs\projetfin\wp-content\plugins\contact-form-7\includes\rest-api.php(365): WPCF7_ContactForm->submit()
#11 E:\xampp\htdocs\projetfin\wp-includes\rest-api\class-wp-rest-server.php(1292): WPCF7_REST_Controller->create_feedback(Object(WP_REST_Request))
#12 E:\xampp\htdocs\projetfin\wp-includes\rest-api\class-wp-rest-server.php(1125): WP_REST_Server->respond_to_request(Object(WP_REST_Request), '/contact-form-7...', Array, NULL)
#13 E:\xampp\htdocs\projetfin\wp-includes\rest-api\class-wp-rest-server.php(439): WP_REST_Server->dispatch(Object(WP_REST_Request))
#14 E:\xampp\htdocs\projetfin\wp-includes\rest-api.php(449): WP_REST_Server->serve_request('/contact-form-7...')
#15 E:\xampp\htdocs\projetfin\wp-includes\class-wp-hook.php(324): rest_api_loaded(Object(WP))
#16 E:\xampp\htdocs\projetfin\wp-includes\class-wp-hook.php(348): WP_Hook->apply_filters(NULL, Array)
#17 E:\xampp\htdocs\projetfin\wp-includes\plugin.php(565): WP_Hook->do_action(Array)
#18 E:\xampp\htdocs\projetfin\wp-includes\class-wp.php(418): do_action_ref_array('parse_request', Array)
#19 E:\xampp\htdocs\projetfin\wp-includes\class-wp.php(813): WP->parse_request('')
#20 E:\xampp\htdocs\projetfin\wp-includes\functions.php(1336): WP->main('')
#21 E:\xampp\htdocs\projetfin\wp-blog-header.php(16): wp()
#22 E:\xampp\htdocs\projetfin\index.php(17): require('E:\\xampp\\htdocs...')
#23 {main}
  thrown in E:\xampp\htdocs\projetfin\wp-content\themes\neve\functions.php on line 543

2025-01-09T15:11:28+01:00 CRITICAL Uncaught TypeError: file_exists(): Argument #1 ($filename) must be of type string, array given in E:\xampp\htdocs\projetfin\wp-content\themes\neve\functions.php:545
Stack trace:
#0 E:\xampp\htdocs\projetfin\wp-content\themes\neve\functions.php(545): file_exists(Array)
#1 E:\xampp\htdocs\projetfin\wp-includes\class-wp-hook.php(324): save_contact_form_submission(Object(WPCF7_ContactForm))
#2 E:\xampp\htdocs\projetfin\wp-includes\class-wp-hook.php(348): WP_Hook->apply_filters('', Array)
#3 E:\xampp\htdocs\projetfin\wp-includes\plugin.php(517): WP_Hook->do_action(Array)
#4 E:\xampp\htdocs\projetfin\wp-content\plugins\contact-form-7\includes\submission.php(127): do_action('wpcf7_mail_sent', Object(WPCF7_ContactForm))
#5 [internal function]: WPCF7_Submission->{closure}()
#6 E:\xampp\htdocs\projetfin\wp-content\plugins\contact-form-7\includes\l10n.php(147): call_user_func(Object(Closure))
#7 E:\xampp\htdocs\projetfin\wp-content\plugins\contact-form-7\includes\submission.php(137): wpcf7_switch_locale('fr_FR', Object(Closure))
#8 E:\xampp\htdocs\projetfin\wp-content\plugins\contact-form-7\includes\submission.php(35): WPCF7_Submission->proceed()
#9 E:\xampp\htdocs\projetfin\wp-content\plugins\contact-form-7\includes\contact-form.php(1072): WPCF7_Submission::get_instance(Object(WPCF7_ContactForm), Array)
#10 E:\xampp\htdocs\projetfin\wp-content\plugins\contact-form-7\includes\rest-api.php(365): WPCF7_ContactForm->submit()
#11 E:\xampp\htdocs\projetfin\wp-includes\rest-api\class-wp-rest-server.php(1292): WPCF7_REST_Controller->create_feedback(Object(WP_REST_Request))
#12 E:\xampp\htdocs\projetfin\wp-includes\rest-api\class-wp-rest-server.php(1125): WP_REST_Server->respond_to_request(Object(WP_REST_Request), '/contact-form-7...', Array, NULL)
#13 E:\xampp\htdocs\projetfin\wp-includes\rest-api\class-wp-rest-server.php(439): WP_REST_Server->dispatch(Object(WP_REST_Request))
#14 E:\xampp\htdocs\projetfin\wp-includes\rest-api.php(449): WP_REST_Server->serve_request('/contact-form-7...')
#15 E:\xampp\htdocs\projetfin\wp-includes\class-wp-hook.php(324): rest_api_loaded(Object(WP))
#16 E:\xampp\htdocs\projetfin\wp-includes\class-wp-hook.php(348): WP_Hook->apply_filters(NULL, Array)
#17 E:\xampp\htdocs\projetfin\wp-includes\plugin.php(565): WP_Hook->do_action(Array)
#18 E:\xampp\htdocs\projetfin\wp-includes\class-wp.php(418): do_action_ref_array('parse_request', Array)
#19 E:\xampp\htdocs\projetfin\wp-includes\class-wp.php(813): WP->parse_request('')
#20 E:\xampp\htdocs\projetfin\wp-includes\functions.php(1336): WP->main('')
#21 E:\xampp\htdocs\projetfin\wp-blog-header.php(16): wp()
#22 E:\xampp\htdocs\projetfin\index.php(17): require('E:\\xampp\\htdocs...')
#23 {main}
  thrown in E:\xampp\htdocs\projetfin\wp-content\themes\neve\functions.php on line 545

2025-01-09T15:26:28+01:00 CRITICAL Uncaught TypeError: file_exists(): Argument #1 ($filename) must be of type string, array given in E:\xampp\htdocs\projetfin\wp-content\themes\neve\functions.php:613
Stack trace:
#0 E:\xampp\htdocs\projetfin\wp-content\themes\neve\functions.php(613): file_exists(Array)
#1 E:\xampp\htdocs\projetfin\wp-includes\class-wp-hook.php(326): {closure}(Object(WPCF7_ContactForm))
#2 E:\xampp\htdocs\projetfin\wp-includes\class-wp-hook.php(348): WP_Hook->apply_filters(NULL, Array)
#3 E:\xampp\htdocs\projetfin\wp-includes\plugin.php(565): WP_Hook->do_action(Array)
#4 E:\xampp\htdocs\projetfin\wp-content\plugins\contact-form-7\includes\submission.php(710): do_action_ref_array('wpcf7_before_se...', Array)
#5 E:\xampp\htdocs\projetfin\wp-content\plugins\contact-form-7\includes\submission.php(111): WPCF7_Submission->before_send_mail()
#6 [internal function]: WPCF7_Submission->{closure}()
#7 E:\xampp\htdocs\projetfin\wp-content\plugins\contact-form-7\includes\l10n.php(147): call_user_func(Object(Closure))
#8 E:\xampp\htdocs\projetfin\wp-content\plugins\contact-form-7\includes\submission.php(137): wpcf7_switch_locale('fr_FR', Object(Closure))
#9 E:\xampp\htdocs\projetfin\wp-content\plugins\contact-form-7\includes\submission.php(35): WPCF7_Submission->proceed()
#10 E:\xampp\htdocs\projetfin\wp-content\plugins\contact-form-7\includes\contact-form.php(1072): WPCF7_Submission::get_instance(Object(WPCF7_ContactForm), Array)
#11 E:\xampp\htdocs\projetfin\wp-content\plugins\contact-form-7\includes\rest-api.php(365): WPCF7_ContactForm->submit()
#12 E:\xampp\htdocs\projetfin\wp-includes\rest-api\class-wp-rest-server.php(1292): WPCF7_REST_Controller->create_feedback(Object(WP_REST_Request))
#13 E:\xampp\htdocs\projetfin\wp-includes\rest-api\class-wp-rest-server.php(1125): WP_REST_Server->respond_to_request(Object(WP_REST_Request), '/contact-form-7...', Array, NULL)
#14 E:\xampp\htdocs\projetfin\wp-includes\rest-api\class-wp-rest-server.php(439): WP_REST_Server->dispatch(Object(WP_REST_Request))
#15 E:\xampp\htdocs\projetfin\wp-includes\rest-api.php(449): WP_REST_Server->serve_request('/contact-form-7...')
#16 E:\xampp\htdocs\projetfin\wp-includes\class-wp-hook.php(324): rest_api_loaded(Object(WP))
#17 E:\xampp\htdocs\projetfin\wp-includes\class-wp-hook.php(348): WP_Hook->apply_filters(NULL, Array)
#18 E:\xampp\htdocs\projetfin\wp-includes\plugin.php(565): WP_Hook->do_action(Array)
#19 E:\xampp\htdocs\projetfin\wp-includes\class-wp.php(418): do_action_ref_array('parse_request', Array)
#20 E:\xampp\htdocs\projetfin\wp-includes\class-wp.php(813): WP->parse_request('')
#21 E:\xampp\htdocs\projetfin\wp-includes\functions.php(1336): WP->main('')
#22 E:\xampp\htdocs\projetfin\wp-blog-header.php(16): wp()
#23 E:\xampp\htdocs\projetfin\index.php(17): require('E:\\xampp\\htdocs...')
#24 {main}
  thrown in E:\xampp\htdocs\projetfin\wp-content\themes\neve\functions.php on line 613

2025-01-09T15:32:59+01:00 CRITICAL Uncaught TypeError: file_exists(): Argument #1 ($filename) must be of type string, array given in E:\xampp\htdocs\projetfin\wp-content\themes\neve\functions.php:613
Stack trace:
#0 E:\xampp\htdocs\projetfin\wp-content\themes\neve\functions.php(613): file_exists(Array)
#1 E:\xampp\htdocs\projetfin\wp-includes\class-wp-hook.php(326): {closure}(Object(WPCF7_ContactForm))
#2 E:\xampp\htdocs\projetfin\wp-includes\class-wp-hook.php(348): WP_Hook->apply_filters(NULL, Array)
#3 E:\xampp\htdocs\projetfin\wp-includes\plugin.php(565): WP_Hook->do_action(Array)
#4 E:\xampp\htdocs\projetfin\wp-content\plugins\contact-form-7\includes\submission.php(710): do_action_ref_array('wpcf7_before_se...', Array)
#5 E:\xampp\htdocs\projetfin\wp-content\plugins\contact-form-7\includes\submission.php(111): WPCF7_Submission->before_send_mail()
#6 [internal function]: WPCF7_Submission->{closure}()
#7 E:\xampp\htdocs\projetfin\wp-content\plugins\contact-form-7\includes\l10n.php(147): call_user_func(Object(Closure))
#8 E:\xampp\htdocs\projetfin\wp-content\plugins\contact-form-7\includes\submission.php(137): wpcf7_switch_locale('fr_FR', Object(Closure))
#9 E:\xampp\htdocs\projetfin\wp-content\plugins\contact-form-7\includes\submission.php(35): WPCF7_Submission->proceed()
#10 E:\xampp\htdocs\projetfin\wp-content\plugins\contact-form-7\includes\contact-form.php(1072): WPCF7_Submission::get_instance(Object(WPCF7_ContactForm), Array)
#11 E:\xampp\htdocs\projetfin\wp-content\plugins\contact-form-7\includes\rest-api.php(365): WPCF7_ContactForm->submit()
#12 E:\xampp\htdocs\projetfin\wp-includes\rest-api\class-wp-rest-server.php(1292): WPCF7_REST_Controller->create_feedback(Object(WP_REST_Request))
#13 E:\xampp\htdocs\projetfin\wp-includes\rest-api\class-wp-rest-server.php(1125): WP_REST_Server->respond_to_request(Object(WP_REST_Request), '/contact-form-7...', Array, NULL)
#14 E:\xampp\htdocs\projetfin\wp-includes\rest-api\class-wp-rest-server.php(439): WP_REST_Server->dispatch(Object(WP_REST_Request))
#15 E:\xampp\htdocs\projetfin\wp-includes\rest-api.php(449): WP_REST_Server->serve_request('/contact-form-7...')
#16 E:\xampp\htdocs\projetfin\wp-includes\class-wp-hook.php(324): rest_api_loaded(Object(WP))
#17 E:\xampp\htdocs\projetfin\wp-includes\class-wp-hook.php(348): WP_Hook->apply_filters(NULL, Array)
#18 E:\xampp\htdocs\projetfin\wp-includes\plugin.php(565): WP_Hook->do_action(Array)
#19 E:\xampp\htdocs\projetfin\wp-includes\class-wp.php(418): do_action_ref_array('parse_request', Array)
#20 E:\xampp\htdocs\projetfin\wp-includes\class-wp.php(813): WP->parse_request('')
#21 E:\xampp\htdocs\projetfin\wp-includes\functions.php(1336): WP->main('')
#22 E:\xampp\htdocs\projetfin\wp-blog-header.php(16): wp()
#23 E:\xampp\htdocs\projetfin\index.php(17): require('E:\\xampp\\htdocs...')
#24 {main}
  thrown in E:\xampp\htdocs\projetfin\wp-content\themes\neve\functions.php on line 613

2025-01-10T14:41:18+01:00 CRITICAL Maximum execution time of 120 seconds exceeded in E:\xampp\htdocs\projetfin\wp-includes\widgets.php on line 121

2025-01-10T14:41:39+01:00 CRITICAL Maximum execution time of 120 seconds exceeded in E:\xampp\htdocs\projetfin\wp-admin\includes\class-wp-privacy-data-export-requests-list-table.php on line 10

2025-01-10T15:38:40+01:00 CRITICAL Unclosed '{' on line 575 in E:\xampp\htdocs\projetfin\wp-content\themes\neve\functions.php on line 591

2025-01-10T15:38:53+01:00 CRITICAL Unclosed '{' on line 575 in E:\xampp\htdocs\projetfin\wp-content\themes\neve\functions.php on line 591

2025-01-10T15:38:55+01:00 CRITICAL Unclosed '{' on line 575 in E:\xampp\htdocs\projetfin\wp-content\themes\neve\functions.php on line 591

2025-01-10T15:38:57+01:00 CRITICAL Unclosed '{' on line 575 in E:\xampp\htdocs\projetfin\wp-content\themes\neve\functions.php on line 591

2025-01-10T15:39:08+01:00 CRITICAL Unclosed '{' on line 575 in E:\xampp\htdocs\projetfin\wp-content\themes\neve\functions.php on line 591

2025-01-10T15:39:22+01:00 CRITICAL Unclosed '{' on line 575 in E:\xampp\htdocs\projetfin\wp-content\themes\neve\functions.php on line 591

2025-01-10T15:39:36+01:00 CRITICAL Unclosed '{' on line 575 in E:\xampp\htdocs\projetfin\wp-content\themes\neve\functions.php on line 591

2025-01-10T15:39:50+01:00 CRITICAL Unclosed '{' on line 575 in E:\xampp\htdocs\projetfin\wp-content\themes\neve\functions.php on line 591

